0 info it worked if it ends with ok
1 verbose cli [ '/Users/manzur/.nvm/versions/node/v6.9.2/bin/node',
1 verbose cli   '/Users/manzur/.nvm/versions/node/v6.9.2/bin/npm',
1 verbose cli   'start' ]
2 info using npm@3.10.9
3 info using node@v6.9.2
4 verbose run-script [ 'prestart', 'start', 'poststart' ]
5 info lifecycle twitythebot@1.0.0~prestart: twitythebot@1.0.0
6 silly lifecycle twitythebot@1.0.0~prestart: no script for prestart, continuing
7 info lifecycle twitythebot@1.0.0~start: twitythebot@1.0.0
8 verbose lifecycle twitythebot@1.0.0~start: unsafe-perm in lifecycle true
9 verbose lifecycle twitythebot@1.0.0~start: PATH: /Users/manzur/.nvm/versions/node/v6.9.2/lib/node_modules/npm/bin/node-gyp-bin:/Users/manzur/Documents/Projects/asktwity/node_modules/.bin:/Users/manzur/.nvm/versions/node/v6.9.2/bin:/opt/local/bin:/opt/local/sbin:/Users/manzur/Library/Python/3.6/bin:/usr/local/bin:/usr/bin:/bin:/usr/sbin:/sbin
10 verbose lifecycle twitythebot@1.0.0~start: CWD: /Users/manzur/Documents/Projects/asktwity
11 silly lifecycle twitythebot@1.0.0~start: Args: [ '-c', 'node bot.js' ]
12 silly lifecycle twitythebot@1.0.0~start: Returned: code: 1  signal: null
13 info lifecycle twitythebot@1.0.0~start: Failed to exec start script
14 verbose stack Error: twitythebot@1.0.0 start: `node bot.js`
14 verbose stack Exit status 1
14 verbose stack     at EventEmitter.<anonymous> (/Users/manzur/.nvm/versions/node/v6.9.2/lib/node_modules/npm/lib/utils/lifecycle.js:255:16)
14 verbose stack     at emitTwo (events.js:106:13)
14 verbose stack     at EventEmitter.emit (events.js:191:7)
14 verbose stack     at ChildProcess.<anonymous> (/Users/manzur/.nvm/versions/node/v6.9.2/lib/node_modules/npm/lib/utils/spawn.js:40:14)
14 verbose stack     at emitTwo (events.js:106:13)
14 verbose stack     at ChildProcess.emit (events.js:191:7)
14 verbose stack     at maybeClose (internal/child_process.js:877:16)
14 verbose stack     at Process.ChildProcess._handle.onexit (internal/child_process.js:226:5)
15 verbose pkgid twitythebot@1.0.0
16 verbose cwd /Users/manzur/Documents/Projects/asktwity
17 error Darwin 17.0.0
18 error argv "/Users/manzur/.nvm/versions/node/v6.9.2/bin/node" "/Users/manzur/.nvm/versions/node/v6.9.2/bin/npm" "start"
19 error node v6.9.2
20 error npm  v3.10.9
21 error code ELIFECYCLE
22 error twitythebot@1.0.0 start: `node bot.js`
22 error Exit status 1
23 error Failed at the twitythebot@1.0.0 start script 'node bot.js'.
23 error Make sure you have the latest version of node.js and npm installed.
23 error If you do, this is most likely a problem with the twitythebot package,
23 error not with npm itself.
23 error Tell the author that this fails on your system:
23 error     node bot.js
23 error You can get information on how to open an issue for this project with:
23 error     npm bugs twitythebot
23 error Or if that isn't available, you can get their info via:
23 error     npm owner ls twitythebot
23 error There is likely additional logging output above.
24 verbose exit [ 1, true ]
